<?xml version="1.0" encoding="utf-8"?><testsuites name="pytest tests"><testsuite name="pytest" errors="0" failures="3" skipped="0" tests="31" time="9.648" timestamp="2026-01-17T05:38:13.444045+00:00" hostname="agent-env-846a210a-2d84-4e1e-a926-52577b047cca"><testcase classname="tests.test_pettrust_api.TestAuthentication" name="test_login_owner_success" time="0.418" /><testcase classname="tests.test_pettrust_api.TestAuthentication" name="test_login_walker_success" time="0.331" /><testcase classname="tests.test_pettrust_api.TestAuthentication" name="test_login_invalid_credentials" time="0.052" /><testcase classname="tests.test_pettrust_api.TestAuthentication" name="test_register_new_user" time="0.631" /><testcase classname="tests.test_pettrust_api.TestAuthentication" name="test_register_duplicate_email" time="0.055" /><testcase classname="tests.test_pettrust_api.TestAuthentication" name="test_get_current_user" time="0.440" /><testcase classname="tests.test_pettrust_api.TestWalkers" name="test_get_all_walkers" time="0.054" /><testcase classname="tests.test_pettrust_api.TestWalkers" name="test_get_walker_by_id" time="0.097" /><testcase classname="tests.test_pettrust_api.TestWalkers" name="test_get_walkers_by_location" time="0.049" /><testcase classname="tests.test_pettrust_api.TestDaycares" name="test_get_all_daycares" time="0.051" /><testcase classname="tests.test_pettrust_api.TestDaycares" name="test_get_daycare_by_id" time="0.100" /><testcase classname="tests.test_pettrust_api.TestPets" name="test_get_my_pets" time="0.375" /><testcase classname="tests.test_pettrust_api.TestPets" name="test_create_pet" time="0.374" /><testcase classname="tests.test_pettrust_api.TestBookings" name="test_get_my_bookings" time="0.385" /><testcase classname="tests.test_pettrust_api.TestBookings" name="test_create_booking" time="0.489" /><testcase classname="tests.test_pettrust_api.TestProviderSearch" name="test_search_walkers" time="0.058" /><testcase classname="tests.test_pettrust_api.TestProviderSearch" name="test_search_daycares" time="0.061" /><testcase classname="tests.test_pettrust_api.TestProviderSearch" name="test_check_availability" time="0.108" /><testcase classname="tests.test_pettrust_api.TestServiceRequests" name="test_create_service_request" time="0.437"><failure message="AssertionError: assert 'id' in {'expires_at': '2026-01-17T05:53:18.385693+00:00', 'matched_providers_count': 4, 'request_id': '9385e933-c2d4-4b7f-809b-b0f185df181d', 'status': 'pending'}">tests/test_pettrust_api.py:329: in test_create_service_request
    assert "id" in data
E   AssertionError: assert 'id' in {'expires_at': '2026-01-17T05:53:18.385693+00:00', 'matched_providers_count': 4, 'request_id': '9385e933-c2d4-4b7f-809b-b0f185df181d', 'status': 'pending'}</failure></testcase><testcase classname="tests.test_pettrust_api.TestProviderInbox" name="test_get_provider_profile" time="0.377" /><testcase classname="tests.test_pettrust_api.TestProviderInbox" name="test_get_provider_inbox" time="0.424" /><testcase classname="tests.test_pettrust_api.TestProviderInbox" name="test_update_provider_status" time="0.369"><failure message="assert 404 == 200&#10; +  where 404 = &lt;Response [404]&gt;.status_code">tests/test_pettrust_api.py:368: in test_update_provider_status
    assert response.status_code == 200
E   assert 404 == 200
E    +  where 404 = &lt;Response [404]&gt;.status_code</failure></testcase><testcase classname="tests.test_pettrust_api.TestProviderInbox" name="test_get_provider_schedule" time="0.374" /><testcase classname="tests.test_pettrust_api.TestWompiPayments" name="test_create_wompi_transaction" time="0.424"><failure message="assert 400 == 200&#10; +  where 400 = &lt;Response [400]&gt;.status_code">tests/test_pettrust_api.py:414: in test_create_wompi_transaction
    assert response.status_code == 200
E   assert 400 == 200
E    +  where 400 = &lt;Response [400]&gt;.status_code</failure></testcase><testcase classname="tests.test_pettrust_api.TestWompiPayments" name="test_confirm_wompi_transaction" time="0.425" /><testcase classname="tests.test_pettrust_api.TestSafetyCenter" name="test_add_emergency_contact" time="0.406" /><testcase classname="tests.test_pettrust_api.TestSafetyCenter" name="test_get_emergency_contacts" time="0.379" /><testcase classname="tests.test_pettrust_api.TestSafetyCenter" name="test_generate_verification_pin" time="0.455" /><testcase classname="tests.test_pettrust_api.TestSafetyCenter" name="test_get_safety_status" time="0.421" /><testcase classname="tests.test_pettrust_api.TestSafetyCenter" name="test_share_trip_link" time="0.455" /><testcase classname="tests.test_pettrust_api.TestReviews" name="test_get_reviews_for_service" time="0.100" /></testsuite></testsuites>