<?xml version="1.0" encoding="utf-8"?><testsuites name="pytest tests"><testsuite name="pytest" errors="0" failures="0" skipped="0" tests="31" time="9.851" timestamp="2026-01-17T05:40:35.621963+00:00" hostname="agent-env-846a210a-2d84-4e1e-a926-52577b047cca"><testcase classname="tests.test_pettrust_api.TestAuthentication" name="test_login_owner_success" time="0.390" /><testcase classname="tests.test_pettrust_api.TestAuthentication" name="test_login_walker_success" time="0.337" /><testcase classname="tests.test_pettrust_api.TestAuthentication" name="test_login_invalid_credentials" time="0.055" /><testcase classname="tests.test_pettrust_api.TestAuthentication" name="test_register_new_user" time="0.348" /><testcase classname="tests.test_pettrust_api.TestAuthentication" name="test_register_duplicate_email" time="0.054" /><testcase classname="tests.test_pettrust_api.TestAuthentication" name="test_get_current_user" time="0.398" /><testcase classname="tests.test_pettrust_api.TestWalkers" name="test_get_all_walkers" time="0.058" /><testcase classname="tests.test_pettrust_api.TestWalkers" name="test_get_walker_by_id" time="0.118" /><testcase classname="tests.test_pettrust_api.TestWalkers" name="test_get_walkers_by_location" time="0.045" /><testcase classname="tests.test_pettrust_api.TestDaycares" name="test_get_all_daycares" time="0.058" /><testcase classname="tests.test_pettrust_api.TestDaycares" name="test_get_daycare_by_id" time="0.100" /><testcase classname="tests.test_pettrust_api.TestPets" name="test_get_my_pets" time="0.398" /><testcase classname="tests.test_pettrust_api.TestPets" name="test_create_pet" time="0.390" /><testcase classname="tests.test_pettrust_api.TestBookings" name="test_get_my_bookings" time="0.377" /><testcase classname="tests.test_pettrust_api.TestBookings" name="test_create_booking" time="0.523" /><testcase classname="tests.test_pettrust_api.TestProviderSearch" name="test_search_walkers" time="0.066" /><testcase classname="tests.test_pettrust_api.TestProviderSearch" name="test_search_daycares" time="0.059" /><testcase classname="tests.test_pettrust_api.TestProviderSearch" name="test_check_availability" time="0.105" /><testcase classname="tests.test_pettrust_api.TestServiceRequests" name="test_create_service_request" time="0.474" /><testcase classname="tests.test_pettrust_api.TestProviderInbox" name="test_get_provider_profile" time="0.383" /><testcase classname="tests.test_pettrust_api.TestProviderInbox" name="test_get_provider_inbox" time="0.422" /><testcase classname="tests.test_pettrust_api.TestProviderInbox" name="test_update_provider_status" time="0.451" /><testcase classname="tests.test_pettrust_api.TestProviderInbox" name="test_get_provider_schedule" time="0.386" /><testcase classname="tests.test_pettrust_api.TestWompiPayments" name="test_create_wompi_transaction" time="0.570" /><testcase classname="tests.test_pettrust_api.TestWompiPayments" name="test_confirm_wompi_transaction" time="0.468" /><testcase classname="tests.test_pettrust_api.TestSafetyCenter" name="test_add_emergency_contact" time="0.383" /><testcase classname="tests.test_pettrust_api.TestSafetyCenter" name="test_get_emergency_contacts" time="0.397" /><testcase classname="tests.test_pettrust_api.TestSafetyCenter" name="test_generate_verification_pin" time="0.458" /><testcase classname="tests.test_pettrust_api.TestSafetyCenter" name="test_get_safety_status" time="0.464" /><testcase classname="tests.test_pettrust_api.TestSafetyCenter" name="test_share_trip_link" time="0.740" /><testcase classname="tests.test_pettrust_api.TestReviews" name="test_get_reviews_for_service" time="0.105" /></testsuite></testsuites>